2019-12-28 00:59:08.9420|WARN|EmployeeManagement.Controllers.ErrorController|404 Error Occured. Path = /Administration/EditUserInRoleand QueryString = ?roleId=05f9db86-352e-45a5-b651-01eea69b2bad
2019-12-28 01:00:43.5188|WARN|EmployeeManagement.Controllers.ErrorController|404 Error Occured. Path = /Administration/EditUserInRoleand QueryString = ?roleId=05f9db86-352e-45a5-b651-01eea69b2bad
2019-12-28 01:02:02.7044|WARN|EmployeeManagement.Controllers.ErrorController|404 Error Occured. Path = /Administration/EditUserInRoleand QueryString = ?roleId=05f9db86-352e-45a5-b651-01eea69b2bad
2019-12-28 01:02:15.4635|WARN|EmployeeManagement.Controllers.ErrorController|404 Error Occured. Path = /Administration/EditUserInRoleand QueryString = ?roleId=05f9db86-352e-45a5-b651-01eea69b2bad
2019-12-28 01:04:21.5104|WARN|EmployeeManagement.Controllers.ErrorController|404 Error Occured. Path = /Administration/EditUsersInRoleand QueryString = ?roleId=05f9db86-352e-45a5-b651-01eea69b2bad
2019-12-28 18:34:05.8780|WARN|EmployeeManagement.Controllers.ErrorController|404 Error Occured. Path = /Account/AccessDeniedand QueryString = ?ReturnUrl=%2Fadministration%2FListRoles
2019-12-28 18:34:06.0815|WARN|EmployeeManagement.Controllers.ErrorController|404 Error Occured. Path = /Account/AccessDeniedand QueryString = ?ReturnUrl=%2Fadministration%2FListRoles
2019-12-28 18:34:43.0980|WARN|EmployeeManagement.Controllers.ErrorController|404 Error Occured. Path = /Account/AccessDeniedand QueryString = ?ReturnUrl=%2Fadministration%2FListRoles
2019-12-28 18:35:29.0915|WARN|EmployeeManagement.Controllers.ErrorController|404 Error Occured. Path = /Account/AccessDeniedand QueryString = ?ReturnUrl=%2Fadministration%2FListRoles
2019-12-28 18:35:38.4967|WARN|EmployeeManagement.Controllers.ErrorController|404 Error Occured. Path = /Account/AccessDeniedand QueryString = ?ReturnUrl=%2Fadministration%2FListRoles
2019-12-28 18:37:17.9777|WARN|EmployeeManagement.Controllers.ErrorController|404 Error Occured. Path = /Account/AccessDeniedand QueryString = ?ReturnUrl=%2Fadministration%2FListRoles
2019-12-28 18:37:18.0628|WARN|EmployeeManagement.Controllers.ErrorController|404 Error Occured. Path = /Account/AccessDeniedand QueryString = ?ReturnUrl=%2Fadministration%2FListRoles
2019-12-28 18:37:53.7743|WARN|EmployeeManagement.Controllers.ErrorController|404 Error Occured. Path = /Account/AccessDeniedand QueryString = ?ReturnUrl=%2Fadministration%2FListRoles
2019-12-28 18:39:45.5378|WARN|Microsoft.AspNetCore.Identity.UserManager|Invalid password for user 6cae581f-f062-40ad-8f51-23c03cec664e.
2019-12-28 18:39:45.5829|WARN|Microsoft.AspNetCore.Identity.SignInManager|User 6cae581f-f062-40ad-8f51-23c03cec664e failed to provide the correct password.
2019-12-28 18:40:24.1129|WARN|EmployeeManagement.Controllers.ErrorController|404 Error Occured. Path = /Account/AccessDeniedand QueryString = ?ReturnUrl=%2Fadministration%2FListRoles
2019-12-28 18:40:24.1940|WARN|EmployeeManagement.Controllers.ErrorController|404 Error Occured. Path = /Account/AccessDeniedand QueryString = ?ReturnUrl=%2Fadministration%2FListRoles
2019-12-28 18:42:09.4700|WARN|EmployeeManagement.Controllers.ErrorController|404 Error Occured. Path = /Account/AccessDeniedand QueryString = ?ReturnUrl=%2Fadministration%2FListRoles
2019-12-28 18:42:09.5548|WARN|EmployeeManagement.Controllers.ErrorController|404 Error Occured. Path = /Account/AccessDeniedand QueryString = ?ReturnUrl=%2Fadministration%2FListRoles
2019-12-28 19:08:57.2989|WARN|EmployeeManagement.Controllers.ErrorController|404 Error Occured. Path = /Administraiton/ListRolesand QueryString = 
2019-12-28 19:12:51.6621|WARN|EmployeeManagement.Controllers.ErrorController|404 Error Occured. Path = /Administraiton/ListRolesand QueryString = 
2019-12-28 19:13:36.0588|WARN|EmployeeManagement.Controllers.ErrorController|404 Error Occured. Path = /Administraiton/ListRolesand QueryString = 
2019-12-28 19:14:02.5840|WARN|EmployeeManagement.Controllers.ErrorController|404 Error Occured. Path = /Administraiton/ListRolesand QueryString = 
2019-12-28 19:20:05.0589|WARN|EmployeeManagement.Controllers.ErrorController|404 Error Occured. Path = /Account/AccessDeniedand QueryString = ?ReturnUrl=%2Fadministration%2FListRoles
2019-12-28 19:20:05.1391|WARN|EmployeeManagement.Controllers.ErrorController|404 Error Occured. Path = /Account/AccessDeniedand QueryString = ?ReturnUrl=%2Fadministration%2FListRoles
2019-12-28 19:20:33.6410|WARN|EmployeeManagement.Controllers.ErrorController|404 Error Occured. Path = /Account/AccessDeniedand QueryString = ?ReturnUrl=%2Fadministration%2FListRoles
2019-12-28 22:57:48.5380|ERROR|Microsoft.EntityFrameworkCore.Database.Connection|An error occurred using the connection to database 'EmployeeDB' on server '(localdb)\MSSQLLocalDB'.
2019-12-28 22:57:50.6383|ERROR|Microsoft.EntityFrameworkCore.Query|An exception occurred while iterating over the results of a query for context type 'EmployeeManagement.Models.AppDbContext'.
System.Data.SqlClient.SqlException (0x80131904): Connection Timeout Expired.  The timeout period elapsed while attempting to consume the pre-login handshake acknowledgement.  This could be because the pre-login handshake failed or the server was unable to respond back in time.  The duration spent while attempting to connect to this server was - [Pre-Login] initialization=16712; handshake=31;  ---> System.ComponentModel.Win32Exception (258): The wait operation timed out
   at System.Data.SqlClient.SqlInternalConnectionTds..ctor(DbConnectionPoolIdentity identity, SqlConnectionString connectionOptions, SqlCredential credential, Object providerInfo, String newPassword, SecureString newSecurePassword, Boolean redirectedUserInstance, SqlConnectionString userConnectionOptions, SessionData reconnectSessionData, Boolean applyTransientFaultHandling, String accessToken)
   at System.Data.SqlClient.SqlConnectionFactory.CreateConnection(DbConnectionOptions options, DbConnectionPoolKey poolKey, Object poolGroupProviderInfo, DbConnectionPool pool, DbConnection owningConnection, DbConnectionOptions userOptions)
   at System.Data.ProviderBase.DbConnectionFactory.CreatePooledConnection(DbConnectionPool pool, DbConnection owningObject, DbConnectionOptions options, DbConnectionPoolKey poolKey, DbConnectionOptions userOptions)
   at System.Data.ProviderBase.DbConnectionPool.CreateObject(DbConnection owningObject, DbConnectionOptions userOptions, DbConnectionInternal oldConnection)
   at System.Data.ProviderBase.DbConnectionPool.UserCreateRequest(DbConnection owningObject, DbConnectionOptions userOptions, DbConnectionInternal oldConnection)
   at System.Data.ProviderBase.DbConnectionPool.TryGetConnection(DbConnection owningObject, UInt32 waitForMultipleObjectsTimeout, Boolean allowCreate, Boolean onlyOneCheckConnection, DbConnectionOptions userOptions, DbConnectionInternal& connection)
   at System.Data.ProviderBase.DbConnectionPool.WaitForPendingOpen()
--- End of stack trace from previous location where exception was thrown ---
   at Microsoft.EntityFrameworkCore.Storage.RelationalConnection.OpenDbConnectionAsync(Boolean errorsExpected, CancellationToken cancellationToken)
   at Microsoft.EntityFrameworkCore.Storage.RelationalConnection.OpenAsync(CancellationToken cancellationToken, Boolean errorsExpected)
   at Microsoft.EntityFrameworkCore.Query.Internal.AsyncQueryingEnumerable`1.AsyncEnumerator.BufferlessMoveNext(DbContext _, Boolean buffer, CancellationToken cancellationToken)
   at Microsoft.EntityFrameworkCore.SqlServer.Storage.Internal.SqlServerExecutionStrategy.ExecuteAsync[TState,TResult](TState state, Func`4 operation, Func`4 verifySucceeded, CancellationToken cancellationToken)
   at Microsoft.EntityFrameworkCore.Query.Internal.AsyncQueryingEnumerable`1.AsyncEnumerator.MoveNext(CancellationToken cancellationToken)
   at System.Linq.AsyncEnumerable.FirstOrDefault_[TSource](IAsyncEnumerable`1 source, CancellationToken cancellationToken) in D:\a\1\s\Ix.NET\Source\System.Interactive.Async\First.cs:line 144
   at Microsoft.EntityFrameworkCore.Query.Internal.AsyncLinqOperatorProvider.TaskResultAsyncEnumerable`1.Enumerator.MoveNext(CancellationToken cancellationToken)
   at System.Linq.AsyncEnumerable.SelectEnumerableAsyncIterator`2.MoveNextCore(CancellationToken cancellationToken) in D:\a\1\s\Ix.NET\Source\System.Interactive.Async\Select.cs:line 106
   at System.Linq.AsyncEnumerable.AsyncIterator`1.MoveNext(CancellationToken cancellationToken) in D:\a\1\s\Ix.NET\Source\System.Interactive.Async\AsyncIterator.cs:line 98
   at Microsoft.EntityFrameworkCore.Query.Internal.AsyncLinqOperatorProvider.ExceptionInterceptor`1.EnumeratorExceptionInterceptor.MoveNext(CancellationToken cancellationToken)
ClientConnectionId:307bce56-99ea-40fe-a922-6cbcfbc858ae
Error Number:-2,State:0,Class:11
2019-12-28 22:57:50.6805|ERROR|Microsoft.EntityFrameworkCore.Query|An exception occurred while iterating over the results of a query for context type 'EmployeeManagement.Models.AppDbContext'.
System.Data.SqlClient.SqlException (0x80131904): Connection Timeout Expired.  The timeout period elapsed while attempting to consume the pre-login handshake acknowledgement.  This could be because the pre-login handshake failed or the server was unable to respond back in time.  The duration spent while attempting to connect to this server was - [Pre-Login] initialization=16712; handshake=31;  ---> System.ComponentModel.Win32Exception (258): The wait operation timed out
   at System.Data.SqlClient.SqlInternalConnectionTds..ctor(DbConnectionPoolIdentity identity, SqlConnectionString connectionOptions, SqlCredential credential, Object providerInfo, String newPassword, SecureString newSecurePassword, Boolean redirectedUserInstance, SqlConnectionString userConnectionOptions, SessionData reconnectSessionData, Boolean applyTransientFaultHandling, String accessToken)
   at System.Data.SqlClient.SqlConnectionFactory.CreateConnection(DbConnectionOptions options, DbConnectionPoolKey poolKey, Object poolGroupProviderInfo, DbConnectionPool pool, DbConnection owningConnection, DbConnectionOptions userOptions)
   at System.Data.ProviderBase.DbConnectionFactory.CreatePooledConnection(DbConnectionPool pool, DbConnection owningObject, DbConnectionOptions options, DbConnectionPoolKey poolKey, DbConnectionOptions userOptions)
   at System.Data.ProviderBase.DbConnectionPool.CreateObject(DbConnection owningObject, DbConnectionOptions userOptions, DbConnectionInternal oldConnection)
   at System.Data.ProviderBase.DbConnectionPool.UserCreateRequest(DbConnection owningObject, DbConnectionOptions userOptions, DbConnectionInternal oldConnection)
   at System.Data.ProviderBase.DbConnectionPool.TryGetConnection(DbConnection owningObject, UInt32 waitForMultipleObjectsTimeout, Boolean allowCreate, Boolean onlyOneCheckConnection, DbConnectionOptions userOptions, DbConnectionInternal& connection)
   at System.Data.ProviderBase.DbConnectionPool.WaitForPendingOpen()
--- End of stack trace from previous location where exception was thrown ---
   at Microsoft.EntityFrameworkCore.Storage.RelationalConnection.OpenDbConnectionAsync(Boolean errorsExpected, CancellationToken cancellationToken)
   at Microsoft.EntityFrameworkCore.Storage.RelationalConnection.OpenAsync(CancellationToken cancellationToken, Boolean errorsExpected)
   at Microsoft.EntityFrameworkCore.Query.Internal.AsyncQueryingEnumerable`1.AsyncEnumerator.BufferlessMoveNext(DbContext _, Boolean buffer, CancellationToken cancellationToken)
   at Microsoft.EntityFrameworkCore.SqlServer.Storage.Internal.SqlServerExecutionStrategy.ExecuteAsync[TState,TResult](TState state, Func`4 operation, Func`4 verifySucceeded, CancellationToken cancellationToken)
   at Microsoft.EntityFrameworkCore.Query.Internal.AsyncQueryingEnumerable`1.AsyncEnumerator.MoveNext(CancellationToken cancellationToken)
   at System.Linq.AsyncEnumerable.FirstOrDefault_[TSource](IAsyncEnumerable`1 source, CancellationToken cancellationToken) in D:\a\1\s\Ix.NET\Source\System.Interactive.Async\First.cs:line 144
   at Microsoft.EntityFrameworkCore.Query.Internal.AsyncLinqOperatorProvider.TaskResultAsyncEnumerable`1.Enumerator.MoveNext(CancellationToken cancellationToken)
   at System.Linq.AsyncEnumerable.SelectEnumerableAsyncIterator`2.MoveNextCore(CancellationToken cancellationToken) in D:\a\1\s\Ix.NET\Source\System.Interactive.Async\Select.cs:line 106
   at System.Linq.AsyncEnumerable.AsyncIterator`1.MoveNext(CancellationToken cancellationToken) in D:\a\1\s\Ix.NET\Source\System.Interactive.Async\AsyncIterator.cs:line 98
   at Microsoft.EntityFrameworkCore.Query.Internal.AsyncLinqOperatorProvider.ExceptionInterceptor`1.EnumeratorExceptionInterceptor.MoveNext(CancellationToken cancellationToken)
   at Microsoft.EntityFrameworkCore.Query.Internal.QueryCompiler.ExecuteSingletonAsyncQuery[TResult](QueryContext queryContext, Func`2 compiledQuery, IDiagnosticsLogger`1 logger, Type contextType)
ClientConnectionId:307bce56-99ea-40fe-a922-6cbcfbc858ae
Error Number:-2,State:0,Class:11
2019-12-28 22:57:51.3245|ERROR|Microsoft.AspNetCore.Diagnostics.ExceptionHandlerMiddleware|An unhandled exception has occurred while executing the request.
2019-12-28 22:57:51.3479|ERROR|Microsoft.AspNetCore.Diagnostics.ExceptionHandlerMiddleware|An exception was thrown attempting to execute the error handler.
2019-12-28 22:57:51.3873|ERROR|Microsoft.AspNetCore.Server.IIS.Core.IISHttpServer|Connection ID "18158513712053354519", Request ID "80000018-0003-fc00-b63f-84710c7967bb": An unhandled exception was thrown by the application.
2019-12-28 23:22:28.7948|WARN|Microsoft.AspNetCore.Identity.RoleManager|Role 7c7f7be1-fe22-4da0-8df5-58ee8c1f7c3a validation failed: DuplicateRoleName.
